<?xml version="1.0" encoding="UTF-8"?>
<coverage generated="1757577755884" clover="3.2.0">
  <project timestamp="1757577755884" name="All files">
    <metrics statements="64" coveredstatements="48" conditionals="31" coveredconditionals="15" methods="15" coveredmethods="13" elements="110" coveredelements="76" complexity="0" loc="64" ncloc="64" packages="2" files="3" classes="3"/>
    <package name="src">
      <metrics statements="55" coveredstatements="43" conditionals="25" coveredconditionals="13" methods="13" coveredmethods="11"/>
      <file name="Aggregate.ts" path="C:\Users\Santos\Desktop\Academico\Disciplinas\Algoritmos e Programas\NBR6118-ts\src\Aggregate.ts">
        <metrics statements="9" coveredstatements="5" conditionals="7" coveredconditionals="2" methods="2" coveredmethods="2"/>
        <line num="19" count="12" type="stmt"/>
        <line num="20" count="12" type="stmt"/>
        <line num="24" count="12" type="cond" truecount="2" falsecount="5"/>
        <line num="27" count="0" type="stmt"/>
        <line num="30" count="12" type="stmt"/>
        <line num="32" count="0" type="stmt"/>
        <line num="34" count="0" type="stmt"/>
        <line num="36" count="0" type="stmt"/>
        <line num="41" count="2" type="stmt"/>
      </file>
      <file name="Concrete.ts" path="C:\Users\Santos\Desktop\Academico\Disciplinas\Algoritmos e Programas\NBR6118-ts\src\Concrete.ts">
        <metrics statements="46" coveredstatements="38" conditionals="18" coveredconditionals="11" methods="11" coveredmethods="9"/>
        <line num="1" count="2" type="stmt"/>
        <line num="28" count="14" type="stmt"/>
        <line num="29" count="14" type="stmt"/>
        <line num="31" count="14" type="cond" truecount="2" falsecount="0"/>
        <line num="32" count="12" type="stmt"/>
        <line num="33" count="12" type="stmt"/>
        <line num="34" count="12" type="stmt"/>
        <line num="36" count="2" type="stmt"/>
        <line num="37" count="2" type="stmt"/>
        <line num="40" count="14" type="stmt"/>
        <line num="41" count="14" type="stmt"/>
        <line num="42" count="14" type="stmt"/>
        <line num="43" count="14" type="stmt"/>
        <line num="44" count="14" type="stmt"/>
        <line num="48" count="14" type="stmt"/>
        <line num="53" count="12" type="cond" truecount="2" falsecount="0"/>
        <line num="54" count="7" type="stmt"/>
        <line num="56" count="5" type="stmt"/>
        <line num="57" count="5" type="stmt"/>
        <line num="59" count="12" type="stmt"/>
        <line num="63" count="12" type="stmt"/>
        <line num="64" count="12" type="cond" truecount="1" falsecount="1"/>
        <line num="65" count="12" type="stmt"/>
        <line num="70" count="14" type="cond" truecount="2" falsecount="0"/>
        <line num="71" count="9" type="stmt"/>
        <line num="73" count="5" type="stmt"/>
        <line num="75" count="14" type="stmt"/>
        <line num="80" count="14" type="cond" truecount="2" falsecount="0"/>
        <line num="81" count="9" type="stmt"/>
        <line num="83" count="5" type="stmt"/>
        <line num="85" count="14" type="stmt"/>
        <line num="90" count="14" type="cond" truecount="2" falsecount="0"/>
        <line num="91" count="9" type="stmt"/>
        <line num="93" count="5" type="stmt"/>
        <line num="95" count="14" type="stmt"/>
        <line num="99" count="14" type="stmt"/>
        <line num="103" count="14" type="stmt"/>
        <line num="111" count="0" type="stmt"/>
        <line num="115" count="0" type="cond" truecount="0" falsecount="6"/>
        <line num="117" count="0" type="stmt"/>
        <line num="119" count="0" type="stmt"/>
        <line num="121" count="0" type="stmt"/>
        <line num="123" count="0" type="stmt"/>
        <line num="125" count="0" type="stmt"/>
        <line num="127" count="0" type="stmt"/>
        <line num="132" count="2" type="stmt"/>
      </file>
    </package>
    <package name="src.LimitStates">
      <metrics statements="9" coveredstatements="5" conditionals="6" coveredconditionals="2" methods="2" coveredmethods="2"/>
      <file name="ELS-F.ts" path="C:\Users\Santos\Desktop\Academico\Disciplinas\Algoritmos e Programas\NBR6118-ts\src\LimitStates\ELS-F.ts">
        <metrics statements="9" coveredstatements="5" conditionals="6" coveredconditionals="2" methods="2" coveredmethods="2"/>
        <line num="14" count="2" type="stmt"/>
        <line num="18" count="2" type="cond" truecount="2" falsecount="4"/>
        <line num="20" count="1" type="stmt"/>
        <line num="22" count="0" type="stmt"/>
        <line num="24" count="0" type="stmt"/>
        <line num="26" count="0" type="stmt"/>
        <line num="28" count="1" type="stmt"/>
        <line num="30" count="0" type="stmt"/>
        <line num="35" count="1" type="stmt"/>
      </file>
    </package>
  </project>
</coverage>
