TN:
SF:src\Aggregate.ts
FN:18,(anonymous_0)
FN:23,(anonymous_1)
FNF:2
FNH:2
FNDA:12,(anonymous_0)
FNDA:12,(anonymous_1)
DA:19,12
DA:20,12
DA:24,12
DA:27,0
DA:30,12
DA:32,0
DA:34,0
DA:36,0
DA:41,2
LF:9
LH:5
BRDA:24,0,0,0
BRDA:24,0,1,0
BRDA:24,0,2,12
BRDA:24,0,3,12
BRDA:24,0,4,0
BRDA:24,0,5,0
BRDA:24,0,6,0
BRF:7
BRH:2
end_of_record
TN:
SF:src\Concrete.ts
FN:27,(anonymous_0)
FN:47,(anonymous_1)
FN:51,(anonymous_2)
FN:62,(anonymous_3)
FN:68,(anonymous_4)
FN:78,(anonymous_5)
FN:88,(anonymous_6)
FN:98,(anonymous_7)
FN:102,(anonymous_8)
FN:110,(anonymous_9)
FN:114,(anonymous_10)
FNF:11
FNH:9
FNDA:14,(anonymous_0)
FNDA:14,(anonymous_1)
FNDA:12,(anonymous_2)
FNDA:12,(anonymous_3)
FNDA:14,(anonymous_4)
FNDA:14,(anonymous_5)
FNDA:14,(anonymous_6)
FNDA:14,(anonymous_7)
FNDA:14,(anonymous_8)
FNDA:0,(anonymous_9)
FNDA:0,(anonymous_10)
DA:1,2
DA:28,14
DA:29,14
DA:31,14
DA:32,12
DA:33,12
DA:34,12
DA:36,2
DA:37,2
DA:40,14
DA:41,14
DA:42,14
DA:43,14
DA:44,14
DA:48,14
DA:53,12
DA:54,7
DA:56,5
DA:57,5
DA:59,12
DA:63,12
DA:64,12
DA:65,12
DA:70,14
DA:71,9
DA:73,5
DA:75,14
DA:80,14
DA:81,9
DA:83,5
DA:85,14
DA:90,14
DA:91,9
DA:93,5
DA:95,14
DA:99,14
DA:103,14
DA:111,0
DA:115,0
DA:117,0
DA:119,0
DA:121,0
DA:123,0
DA:125,0
DA:127,0
DA:132,2
LF:46
LH:38
BRDA:31,0,0,12
BRDA:31,0,1,2
BRDA:53,1,0,7
BRDA:53,1,1,5
BRDA:64,2,0,0
BRDA:64,2,1,12
BRDA:70,3,0,9
BRDA:70,3,1,5
BRDA:80,4,0,9
BRDA:80,4,1,5
BRDA:90,5,0,9
BRDA:90,5,1,5
BRDA:115,6,0,0
BRDA:115,6,1,0
BRDA:115,6,2,0
BRDA:115,6,3,0
BRDA:115,6,4,0
BRDA:115,6,5,0
BRF:18
BRH:11
end_of_record
TN:
SF:src\LimitStates\ELS-F.ts
FN:13,(anonymous_0)
FN:17,(anonymous_1)
FNF:2
FNH:2
FNDA:2,(anonymous_0)
FNDA:2,(anonymous_1)
DA:14,2
DA:18,2
DA:20,1
DA:22,0
DA:24,0
DA:26,0
DA:28,1
DA:30,0
DA:35,1
LF:9
LH:5
BRDA:18,0,0,1
BRDA:18,0,1,0
BRDA:18,0,2,0
BRDA:18,0,3,0
BRDA:18,0,4,1
BRDA:18,0,5,0
BRF:6
BRH:2
end_of_record
